<?xml version="1.0" encoding="UTF-8"?>
<testsuite name="Ingreso a opencart verificaion de datos" tests="3" skipped="0" failures="1" errors="0" timestamp="2022-06-08T23:09:32" hostname="CHBOGPF0FNML4" time="29.799">
  <properties/>
  <testcase name="Inicio de sesion exitoso" classname="Ingreso a opencart verificaion de datos" time="11.656"/>
  <testcase name="Agregar un producto a una orden nueva" classname="Ingreso a opencart verificaion de datos" time="11.506">
    <failure message="java.lang.AssertionError: Expected mensaje&#10;Expected: is &lt;true&gt;&#10;     but: was &lt;false&gt;" type="java.lang.AssertionError">java.lang.AssertionError: Expected mensaje
Expected: is &lt;true&gt;
     but: was &lt;false&gt;
	at net.serenitybdd.screenplay.ErrorTally.throwSummaryExceptionFrom(ErrorTally.java:36)
	at net.serenitybdd.screenplay.ErrorTally.reportAnyErrors(ErrorTally.java:30)
	at net.serenitybdd.screenplay.Actor.should(Actor.java:301)
	at co.com.choucair.RetoAutomatizacion.stepdefinitions.midefinicion.verificoMensajeDeExito(midefinicion.java:59)
	at ✽.verifico mensaje de exito &quot;Success: You have modified your shopping cart!&quot;(src/test/resources/features/Opencart.feature:21)
</failure>
  </testcase>
  <testcase name="eliminar un cupon en la funcuionalidad Marketing" classname="Ingreso a opencart verificaion de datos" time="6.605"/>
  <system-out><![CDATA[]]></system-out>
  <system-err><![CDATA[[Test worker] WARN net.thucydides.core.steps.BaseStepListener - stepStarted: net.thucydides.core.steps.ExecutedStepDescription@1be3ae69
[Test worker] WARN net.thucydides.core.steps.BaseStepListener - stepStarted: net.thucydides.core.steps.ExecutedStepDescription@4da2aa8f
[Test worker] WARN net.thucydides.core.steps.BaseStepListener - stepStarted: net.thucydides.core.steps.ExecutedStepDescription@16c73aa2
jun 08, 2022 6:09:33 PM org.openqa.selenium.remote.DesiredCapabilities chrome
INFORMACIÓN: Using `new ChromeOptions()` is preferred to `DesiredCapabilities.chrome()`
[Test worker] INFO net.serenitybdd.core.webdriver.driverproviders.ProvideNewDriver - Instantiating driver
[Test worker] INFO net.serenitybdd.core.webdriver.driverproviders.ProvideNewDriver - Driver capabilities: Capabilities {acceptInsecureCerts: false, browserName: chrome, chrome.switches: --start-maximized, goog:chromeOptions: {args: [--start-maximized], extensions: []}, loggingPrefs: org.openqa.selenium.logging..., platform: ANY, version: }
Starting ChromeDriver 102.0.5005.61 (0e59bcc00cc4985ce39ad31c150065f159d95ad3-refs/branch-heads/5005@{#819}) on port 16836
Only local connections are allowed.
Please see https://chromedriver.chromium.org/security-considerations for suggestions on keeping ChromeDriver safe.
ChromeDriver was started successfully.
jun 08, 2022 6:09:37 PM org.openqa.selenium.remote.ProtocolHandshake createSession
INFORMACIÓN: Detected dialect: W3C
[Test worker] WARN net.thucydides.core.steps.BaseStepListener - stepFinished: current outcome:Inicio de sesion exitoso:Dado que Elvia ingresa a la pagina de Opencart [Elvia abrir navegador [Elvia opens the Abrir pagina]]
[Test worker] WARN net.thucydides.core.steps.BaseStepListener - stepFinished: current outcome:Inicio de sesion exitoso:Dado que Elvia ingresa a la pagina de Opencart [Elvia abrir navegador [Elvia opens the Abrir pagina]]
[Test worker] WARN net.thucydides.core.steps.BaseStepListener - stepFinished: current outcome:Inicio de sesion exitoso:Dado que Elvia ingresa a la pagina de Opencart [Elvia abrir navegador [Elvia opens the Abrir pagina]]
[Test worker] WARN net.thucydides.core.steps.BaseStepListener - stepStarted: net.thucydides.core.steps.ExecutedStepDescription@1eccf1c0
[Test worker] WARN net.thucydides.core.steps.BaseStepListener - stepStarted: net.thucydides.core.steps.ExecutedStepDescription@c3e6c3f
[Test worker] WARN net.thucydides.core.steps.BaseStepListener - stepStarted: net.thucydides.core.steps.ExecutedStepDescription@44aacaa8
[Test worker] WARN net.thucydides.core.steps.BaseStepListener - stepFinished: current outcome:Inicio de sesion exitoso:Dado que Elvia ingresa a la pagina de Opencart [Elvia abrir navegador [Elvia opens the Abrir pagina]], Y digito los datos correctos de inicio [Elvia ingresar [Elvia enters 'demo' into Campo del Usuario]]
[Test worker] WARN net.thucydides.core.steps.BaseStepListener - stepStarted: net.thucydides.core.steps.ExecutedStepDescription@274f1db5
[Test worker] WARN net.thucydides.core.steps.BaseStepListener - stepFinished: current outcome:Inicio de sesion exitoso:Dado que Elvia ingresa a la pagina de Opencart [Elvia abrir navegador [Elvia opens the Abrir pagina]], Y digito los datos correctos de inicio [Elvia ingresar [Elvia enters 'demo' into Campo del Usuario, Elvia enters 'demo' into Campo de la contraseÃ±a]]
[Test worker] WARN net.thucydides.core.steps.BaseStepListener - stepStarted: net.thucydides.core.steps.ExecutedStepDescription@70a543ee
[Test worker] WARN net.thucydides.core.steps.BaseStepListener - stepFinished: current outcome:Inicio de sesion exitoso:Dado que Elvia ingresa a la pagina de Opencart [Elvia abrir navegador [Elvia opens the Abrir pagina]], Y digito los datos correctos de inicio [Elvia ingresar [Elvia enters 'demo' into Campo del Usuario, Elvia enters 'demo' into Campo de la contraseÃ±a, Elvia clicks on Boton de ingreso]]
[Test worker] WARN net.thucydides.core.steps.BaseStepListener - stepFinished: current outcome:Inicio de sesion exitoso:Dado que Elvia ingresa a la pagina de Opencart [Elvia abrir navegador [Elvia opens the Abrir pagina]], Y digito los datos correctos de inicio [Elvia ingresar [Elvia enters 'demo' into Campo del Usuario, Elvia enters 'demo' into Campo de la contraseÃ±a, Elvia clicks on Boton de ingreso]]
[Test worker] WARN net.thucydides.core.steps.BaseStepListener - stepFinished: current outcome:Inicio de sesion exitoso:Dado que Elvia ingresa a la pagina de Opencart [Elvia abrir navegador [Elvia opens the Abrir pagina]], Y digito los datos correctos de inicio [Elvia ingresar [Elvia enters 'demo' into Campo del Usuario, Elvia enters 'demo' into Campo de la contraseÃ±a, Elvia clicks on Boton de ingreso]]
[Test worker] WARN net.thucydides.core.steps.BaseStepListener - stepStarted: net.thucydides.core.steps.ExecutedStepDescription@1c5084ba
[Test worker] WARN net.thucydides.core.steps.BaseStepListener - stepStarted: net.thucydides.core.steps.ExecutedStepDescription@18954b8c
[Test worker] WARN net.thucydides.core.steps.BaseStepListener - stepStarted: net.thucydides.core.steps.ExecutedStepDescription@7fc702c9
[Test worker] WARN net.thucydides.core.steps.BaseStepListener - stepFinished: current outcome:Inicio de sesion exitoso:Dado que Elvia ingresa a la pagina de Opencart [Elvia abrir navegador [Elvia opens the Abrir pagina]], Y digito los datos correctos de inicio [Elvia ingresar [Elvia enters 'demo' into Campo del Usuario, Elvia enters 'demo' into Campo de la contraseÃ±a, Elvia clicks on Boton de ingreso]], Cuando cierro la notificacion de alerta [Elvia cerrar [Elvia clicks on Boton de cerrar]]
[Test worker] WARN net.thucydides.core.steps.BaseStepListener - stepFinished: current outcome:Inicio de sesion exitoso:Dado que Elvia ingresa a la pagina de Opencart [Elvia abrir navegador [Elvia opens the Abrir pagina]], Y digito los datos correctos de inicio [Elvia ingresar [Elvia enters 'demo' into Campo del Usuario, Elvia enters 'demo' into Campo de la contraseÃ±a, Elvia clicks on Boton de ingreso]], Cuando cierro la notificacion de alerta [Elvia cerrar [Elvia clicks on Boton de cerrar]]
[Test worker] WARN net.thucydides.core.steps.BaseStepListener - stepFinished: current outcome:Inicio de sesion exitoso:Dado que Elvia ingresa a la pagina de Opencart [Elvia abrir navegador [Elvia opens the Abrir pagina]], Y digito los datos correctos de inicio [Elvia ingresar [Elvia enters 'demo' into Campo del Usuario, Elvia enters 'demo' into Campo de la contraseÃ±a, Elvia clicks on Boton de ingreso]], Cuando cierro la notificacion de alerta [Elvia cerrar [Elvia clicks on Boton de cerrar]]
[Test worker] WARN net.thucydides.core.steps.BaseStepListener - stepStarted: net.thucydides.core.steps.ExecutedStepDescription@6ec826cf
[Test worker] WARN net.thucydides.core.steps.BaseStepListener - stepStarted: net.thucydides.core.steps.ExecutedStepDescription@502533df
[Test worker] WARN net.thucydides.core.steps.BaseStepListener - stepFinished: current outcome:Inicio de sesion exitoso:Dado que Elvia ingresa a la pagina de Opencart [Elvia abrir navegador [Elvia opens the Abrir pagina]], Y digito los datos correctos de inicio [Elvia ingresar [Elvia enters 'demo' into Campo del Usuario, Elvia enters 'demo' into Campo de la contraseÃ±a, Elvia clicks on Boton de ingreso]], Cuando cierro la notificacion de alerta [Elvia cerrar [Elvia clicks on Boton de cerrar]], Entonces verifico pagina principal "Dashboard" [Then validar]
[Test worker] WARN net.thucydides.core.steps.BaseStepListener - stepFinished: current outcome:Inicio de sesion exitoso:Dado que Elvia ingresa a la pagina de Opencart [Elvia abrir navegador [Elvia opens the Abrir pagina]], Y digito los datos correctos de inicio [Elvia ingresar [Elvia enters 'demo' into Campo del Usuario, Elvia enters 'demo' into Campo de la contraseÃ±a, Elvia clicks on Boton de ingreso]], Cuando cierro la notificacion de alerta [Elvia cerrar [Elvia clicks on Boton de cerrar]], Entonces verifico pagina principal "Dashboard" [Then validar]
[Test worker] WARN net.thucydides.core.steps.BaseStepListener - testFinished: Inicio de sesion exitoso:Dado que Elvia ingresa a la pagina de Opencart [Elvia abrir navegador [Elvia opens the Abrir pagina]], Y digito los datos correctos de inicio [Elvia ingresar [Elvia enters 'demo' into Campo del Usuario, Elvia enters 'demo' into Campo de la contraseÃ±a, Elvia clicks on Boton de ingreso]], Cuando cierro la notificacion de alerta [Elvia cerrar [Elvia clicks on Boton de cerrar]], Entonces verifico pagina principal "Dashboard" [Then validar]
[Test worker] WARN net.thucydides.core.steps.BaseStepListener - TestOutcomes: [Inicio de sesion exitoso:Dado que Elvia ingresa a la pagina de Opencart [Elvia abrir navegador [Elvia opens the Abrir pagina]], Y digito los datos correctos de inicio [Elvia ingresar [Elvia enters 'demo' into Campo del Usuario, Elvia enters 'demo' into Campo de la contraseÃ±a, Elvia clicks on Boton de ingreso]], Cuando cierro la notificacion de alerta [Elvia cerrar [Elvia clicks on Boton de cerrar]], Entonces verifico pagina principal "Dashboard" [Then validar]]
[Test worker] WARN net.thucydides.core.steps.BaseStepListener - Final testOutcomes: [Inicio de sesion exitoso:Dado que Elvia ingresa a la pagina de Opencart [Elvia abrir navegador [Elvia opens the Abrir pagina]], Y digito los datos correctos de inicio [Elvia ingresar [Elvia enters 'demo' into Campo del Usuario, Elvia enters 'demo' into Campo de la contraseÃ±a, Elvia clicks on Boton de ingreso]], Cuando cierro la notificacion de alerta [Elvia cerrar [Elvia clicks on Boton de cerrar]], Entonces verifico pagina principal "Dashboard" [Then validar]]
[Test worker] INFO net.thucydides.core.steps.ConsoleLoggingListener - 
        __    _____ _____ ____ _____   ____   _    ____  ____  _____ ____  
  _     \ \  |_   _| ____/ ___|_   _| |  _ \ / \  / ___|/ ___|| ____|  _ \ 
 (_)_____| |   | | |  _| \___ \ | |   | |_) / _ \ \___ \\___ \|  _| | | | |
  _|_____| |   | | | |___ ___) || |   |  __/ ___ \ ___) |___) | |___| |_| |
 (_)     | |   |_| |_____|____/ |_|   |_| /_/   \_\____/|____/|_____|____/ 
        /_/                                                                

TEST PASSED: Inicio de sesion exitoso
----------------------------------------------------------------------------
[Test worker] WARN net.thucydides.core.steps.BaseStepListener - stepStarted: net.thucydides.core.steps.ExecutedStepDescription@48f1ccdd
[Test worker] WARN net.thucydides.core.steps.BaseStepListener - stepStarted: net.thucydides.core.steps.ExecutedStepDescription@23e4d899
[Test worker] WARN net.thucydides.core.steps.BaseStepListener - stepStarted: net.thucydides.core.steps.ExecutedStepDescription@5b54c61d
jun 08, 2022 6:09:44 PM org.openqa.selenium.remote.DesiredCapabilities chrome
INFORMACIÓN: Using `new ChromeOptions()` is preferred to `DesiredCapabilities.chrome()`
[Test worker] INFO net.serenitybdd.core.webdriver.driverproviders.ProvideNewDriver - Instantiating driver
[Test worker] INFO net.serenitybdd.core.webdriver.driverproviders.ProvideNewDriver - Driver capabilities: Capabilities {acceptInsecureCerts: false, browserName: chrome, chrome.switches: --start-maximized, goog:chromeOptions: {args: [--start-maximized], extensions: []}, loggingPrefs: org.openqa.selenium.logging..., platform: ANY, version: }
Starting ChromeDriver 102.0.5005.61 (0e59bcc00cc4985ce39ad31c150065f159d95ad3-refs/branch-heads/5005@{#819}) on port 3981
Only local connections are allowed.
Please see https://chromedriver.chromium.org/security-considerations for suggestions on keeping ChromeDriver safe.
ChromeDriver was started successfully.
jun 08, 2022 6:09:46 PM org.openqa.selenium.remote.ProtocolHandshake createSession
INFORMACIÓN: Detected dialect: W3C
[Test worker] WARN net.thucydides.core.steps.BaseStepListener - stepFinished: current outcome:Agregar un producto a una orden nueva:Dado que Elvia ingresa a la pagina de Opencart [Elvia abrir navegador [Elvia opens the Abrir pagina]]
[Test worker] WARN net.thucydides.core.steps.BaseStepListener - stepFinished: current outcome:Agregar un producto a una orden nueva:Dado que Elvia ingresa a la pagina de Opencart [Elvia abrir navegador [Elvia opens the Abrir pagina]]
[Test worker] WARN net.thucydides.core.steps.BaseStepListener - stepFinished: current outcome:Agregar un producto a una orden nueva:Dado que Elvia ingresa a la pagina de Opencart [Elvia abrir navegador [Elvia opens the Abrir pagina]]
[Test worker] WARN net.thucydides.core.steps.BaseStepListener - stepStarted: net.thucydides.core.steps.ExecutedStepDescription@43a5510c
[Test worker] WARN net.thucydides.core.steps.BaseStepListener - stepStarted: net.thucydides.core.steps.ExecutedStepDescription@3ae0649d
[Test worker] WARN net.thucydides.core.steps.BaseStepListener - stepStarted: net.thucydides.core.steps.ExecutedStepDescription@714acb4a
[Test worker] WARN net.thucydides.core.steps.BaseStepListener - stepFinished: current outcome:Agregar un producto a una orden nueva:Dado que Elvia ingresa a la pagina de Opencart [Elvia abrir navegador [Elvia opens the Abrir pagina]], Y digito los datos correctos de inicio [Elvia ingresar [Elvia enters 'demo' into Campo del Usuario]]
[Test worker] WARN net.thucydides.core.steps.BaseStepListener - stepStarted: net.thucydides.core.steps.ExecutedStepDescription@3b584b3e
[Test worker] WARN net.thucydides.core.steps.BaseStepListener - stepFinished: current outcome:Agregar un producto a una orden nueva:Dado que Elvia ingresa a la pagina de Opencart [Elvia abrir navegador [Elvia opens the Abrir pagina]], Y digito los datos correctos de inicio [Elvia ingresar [Elvia enters 'demo' into Campo del Usuario, Elvia enters 'demo' into Campo de la contraseÃ±a]]
[Test worker] WARN net.thucydides.core.steps.BaseStepListener - stepStarted: net.thucydides.core.steps.ExecutedStepDescription@170e2643
[Test worker] WARN net.thucydides.core.steps.BaseStepListener - stepFinished: current outcome:Agregar un producto a una orden nueva:Dado que Elvia ingresa a la pagina de Opencart [Elvia abrir navegador [Elvia opens the Abrir pagina]], Y digito los datos correctos de inicio [Elvia ingresar [Elvia enters 'demo' into Campo del Usuario, Elvia enters 'demo' into Campo de la contraseÃ±a, Elvia clicks on Boton de ingreso]]
[Test worker] WARN net.thucydides.core.steps.BaseStepListener - stepFinished: current outcome:Agregar un producto a una orden nueva:Dado que Elvia ingresa a la pagina de Opencart [Elvia abrir navegador [Elvia opens the Abrir pagina]], Y digito los datos correctos de inicio [Elvia ingresar [Elvia enters 'demo' into Campo del Usuario, Elvia enters 'demo' into Campo de la contraseÃ±a, Elvia clicks on Boton de ingreso]]
[Test worker] WARN net.thucydides.core.steps.BaseStepListener - stepFinished: current outcome:Agregar un producto a una orden nueva:Dado que Elvia ingresa a la pagina de Opencart [Elvia abrir navegador [Elvia opens the Abrir pagina]], Y digito los datos correctos de inicio [Elvia ingresar [Elvia enters 'demo' into Campo del Usuario, Elvia enters 'demo' into Campo de la contraseÃ±a, Elvia clicks on Boton de ingreso]]
[Test worker] WARN net.thucydides.core.steps.BaseStepListener - stepStarted: net.thucydides.core.steps.ExecutedStepDescription@6485a1e2
[Test worker] WARN net.thucydides.core.steps.BaseStepListener - stepStarted: net.thucydides.core.steps.ExecutedStepDescription@2a3395a9
[Test worker] WARN net.thucydides.core.steps.BaseStepListener - stepStarted: net.thucydides.core.steps.ExecutedStepDescription@245c81f2
[Test worker] WARN net.thucydides.core.steps.BaseStepListener - stepFinished: current outcome:Agregar un producto a una orden nueva:Dado que Elvia ingresa a la pagina de Opencart [Elvia abrir navegador [Elvia opens the Abrir pagina]], Y digito los datos correctos de inicio [Elvia ingresar [Elvia enters 'demo' into Campo del Usuario, Elvia enters 'demo' into Campo de la contraseÃ±a, Elvia clicks on Boton de ingreso]], Y que estamos en la opcion ordenes de la categoria Ventas [Elvia seleccionar [Elvia clicks on Boton de cerrar]]
[Test worker] WARN net.thucydides.core.steps.BaseStepListener - stepStarted: net.thucydides.core.steps.ExecutedStepDescription@4fd2446c
[Test worker] WARN net.thucydides.core.steps.BaseStepListener - stepFinished: current outcome:Agregar un producto a una orden nueva:Dado que Elvia ingresa a la pagina de Opencart [Elvia abrir navegador [Elvia opens the Abrir pagina]], Y digito los datos correctos de inicio [Elvia ingresar [Elvia enters 'demo' into Campo del Usuario, Elvia enters 'demo' into Campo de la contraseÃ±a, Elvia clicks on Boton de ingreso]], Y que estamos en la opcion ordenes de la categoria Ventas [Elvia seleccionar [Elvia clicks on Boton de cerrar, Elvia clicks on Ingresar Ventas]]
[Test worker] WARN net.thucydides.core.steps.BaseStepListener - stepStarted: net.thucydides.core.steps.ExecutedStepDescription@3fee4bcb
[Test worker] WARN net.thucydides.core.steps.BaseStepListener - stepFinished: current outcome:Agregar un producto a una orden nueva:Dado que Elvia ingresa a la pagina de Opencart [Elvia abrir navegador [Elvia opens the Abrir pagina]], Y digito los datos correctos de inicio [Elvia ingresar [Elvia enters 'demo' into Campo del Usuario, Elvia enters 'demo' into Campo de la contraseÃ±a, Elvia clicks on Boton de ingreso]], Y que estamos en la opcion ordenes de la categoria Ventas [Elvia seleccionar [Elvia clicks on Boton de cerrar, Elvia clicks on Ingresar Ventas, Elvia clicks on Ingresar Orden]]
[Test worker] WARN net.thucydides.core.steps.BaseStepListener - stepFinished: current outcome:Agregar un producto a una orden nueva:Dado que Elvia ingresa a la pagina de Opencart [Elvia abrir navegador [Elvia opens the Abrir pagina]], Y digito los datos correctos de inicio [Elvia ingresar [Elvia enters 'demo' into Campo del Usuario, Elvia enters 'demo' into Campo de la contraseÃ±a, Elvia clicks on Boton de ingreso]], Y que estamos en la opcion ordenes de la categoria Ventas [Elvia seleccionar [Elvia clicks on Boton de cerrar, Elvia clicks on Ingresar Ventas, Elvia clicks on Ingresar Orden]]
[Test worker] WARN net.thucydides.core.steps.BaseStepListener - stepFinished: current outcome:Agregar un producto a una orden nueva:Dado que Elvia ingresa a la pagina de Opencart [Elvia abrir navegador [Elvia opens the Abrir pagina]], Y digito los datos correctos de inicio [Elvia ingresar [Elvia enters 'demo' into Campo del Usuario, Elvia enters 'demo' into Campo de la contraseÃ±a, Elvia clicks on Boton de ingreso]], Y que estamos en la opcion ordenes de la categoria Ventas [Elvia seleccionar [Elvia clicks on Boton de cerrar, Elvia clicks on Ingresar Ventas, Elvia clicks on Ingresar Orden]]
[Test worker] WARN net.thucydides.core.steps.BaseStepListener - stepStarted: net.thucydides.core.steps.ExecutedStepDescription@301e7443
[Test worker] WARN net.thucydides.core.steps.BaseStepListener - stepStarted: net.thucydides.core.steps.ExecutedStepDescription@7eb5409c
[Test worker] WARN net.thucydides.core.steps.BaseStepListener - stepStarted: net.thucydides.core.steps.ExecutedStepDescription@d401652
[Test worker] WARN net.thucydides.core.steps.BaseStepListener - stepFinished: current outcome:Agregar un producto a una orden nueva:Dado que Elvia ingresa a la pagina de Opencart [Elvia abrir navegador [Elvia opens the Abrir pagina]], Y digito los datos correctos de inicio [Elvia ingresar [Elvia enters 'demo' into Campo del Usuario, Elvia enters 'demo' into Campo de la contraseÃ±a, Elvia clicks on Boton de ingreso]], Y que estamos en la opcion ordenes de la categoria Ventas [Elvia seleccionar [Elvia clicks on Boton de cerrar, Elvia clicks on Ingresar Ventas, Elvia clicks on Ingresar Orden]], Cuando agrego un producto a la nueva orden [Elvia agregar [Elvia clicks on Agregar ORDEN]]
[Test worker] WARN net.thucydides.core.steps.BaseStepListener - stepStarted: net.thucydides.core.steps.ExecutedStepDescription@44d1b05a
[Test worker] WARN net.thucydides.core.steps.BaseStepListener - stepFinished: current outcome:Agregar un producto a una orden nueva:Dado que Elvia ingresa a la pagina de Opencart [Elvia abrir navegador [Elvia opens the Abrir pagina]], Y digito los datos correctos de inicio [Elvia ingresar [Elvia enters 'demo' into Campo del Usuario, Elvia enters 'demo' into Campo de la contraseÃ±a, Elvia clicks on Boton de ingreso]], Y que estamos en la opcion ordenes de la categoria Ventas [Elvia seleccionar [Elvia clicks on Boton de cerrar, Elvia clicks on Ingresar Ventas, Elvia clicks on Ingresar Orden]], Cuando agrego un producto a la nueva orden [Elvia agregar [Elvia clicks on Agregar ORDEN, Elvia clicks on Agregar Producto]]
[Test worker] WARN net.thucydides.core.steps.BaseStepListener - stepStarted: net.thucydides.core.steps.ExecutedStepDescription@5ff54c2
[Test worker] WARN net.thucydides.core.steps.BaseStepListener - stepFinished: current outcome:Agregar un producto a una orden nueva:Dado que Elvia ingresa a la pagina de Opencart [Elvia abrir navegador [Elvia opens the Abrir pagina]], Y digito los datos correctos de inicio [Elvia ingresar [Elvia enters 'demo' into Campo del Usuario, Elvia enters 'demo' into Campo de la contraseÃ±a, Elvia clicks on Boton de ingreso]], Y que estamos en la opcion ordenes de la categoria Ventas [Elvia seleccionar [Elvia clicks on Boton de cerrar, Elvia clicks on Ingresar Ventas, Elvia clicks on Ingresar Orden]], Cuando agrego un producto a la nueva orden [Elvia agregar [Elvia clicks on Agregar ORDEN, Elvia clicks on Agregar Producto, Elvia enters 'iMac' into Campo del Producto]]
[Test worker] WARN net.thucydides.core.steps.BaseStepListener - stepStarted: net.thucydides.core.steps.ExecutedStepDescription@57d77bd1
[Test worker] WARN net.thucydides.core.steps.BaseStepListener - stepFinished: current outcome:Agregar un producto a una orden nueva:Dado que Elvia ingresa a la pagina de Opencart [Elvia abrir navegador [Elvia opens the Abrir pagina]], Y digito los datos correctos de inicio [Elvia ingresar [Elvia enters 'demo' into Campo del Usuario, Elvia enters 'demo' into Campo de la contraseÃ±a, Elvia clicks on Boton de ingreso]], Y que estamos en la opcion ordenes de la categoria Ventas [Elvia seleccionar [Elvia clicks on Boton de cerrar, Elvia clicks on Ingresar Ventas, Elvia clicks on Ingresar Orden]], Cuando agrego un producto a la nueva orden [Elvia agregar [Elvia clicks on Agregar ORDEN, Elvia clicks on Agregar Producto, Elvia enters 'iMac' into Campo del Producto, Elvia clicks on BOTON GUARDAR]]
[Test worker] WARN net.thucydides.core.steps.BaseStepListener - stepFinished: current outcome:Agregar un producto a una orden nueva:Dado que Elvia ingresa a la pagina de Opencart [Elvia abrir navegador [Elvia opens the Abrir pagina]], Y digito los datos correctos de inicio [Elvia ingresar [Elvia enters 'demo' into Campo del Usuario, Elvia enters 'demo' into Campo de la contraseÃ±a, Elvia clicks on Boton de ingreso]], Y que estamos en la opcion ordenes de la categoria Ventas [Elvia seleccionar [Elvia clicks on Boton de cerrar, Elvia clicks on Ingresar Ventas, Elvia clicks on Ingresar Orden]], Cuando agrego un producto a la nueva orden [Elvia agregar [Elvia clicks on Agregar ORDEN, Elvia clicks on Agregar Producto, Elvia enters 'iMac' into Campo del Producto, Elvia clicks on BOTON GUARDAR]]
[Test worker] WARN net.thucydides.core.steps.BaseStepListener - stepFinished: current outcome:Agregar un producto a una orden nueva:Dado que Elvia ingresa a la pagina de Opencart [Elvia abrir navegador [Elvia opens the Abrir pagina]], Y digito los datos correctos de inicio [Elvia ingresar [Elvia enters 'demo' into Campo del Usuario, Elvia enters 'demo' into Campo de la contraseÃ±a, Elvia clicks on Boton de ingreso]], Y que estamos en la opcion ordenes de la categoria Ventas [Elvia seleccionar [Elvia clicks on Boton de cerrar, Elvia clicks on Ingresar Ventas, Elvia clicks on Ingresar Orden]], Cuando agrego un producto a la nueva orden [Elvia agregar [Elvia clicks on Agregar ORDEN, Elvia clicks on Agregar Producto, Elvia enters 'iMac' into Campo del Producto, Elvia clicks on BOTON GUARDAR]]
[Test worker] WARN net.thucydides.core.steps.BaseStepListener - stepStarted: net.thucydides.core.steps.ExecutedStepDescription@7a7efb5a
[Test worker] WARN net.thucydides.core.steps.BaseStepListener - stepStarted: net.thucydides.core.steps.ExecutedStepDescription@16cf2dce
[Test worker] WARN net.thucydides.core.steps.BaseStepListener - testFinished: Agregar un producto a una orden nueva:Dado que Elvia ingresa a la pagina de Opencart [Elvia abrir navegador [Elvia opens the Abrir pagina]], Y digito los datos correctos de inicio [Elvia ingresar [Elvia enters 'demo' into Campo del Usuario, Elvia enters 'demo' into Campo de la contraseÃ±a, Elvia clicks on Boton de ingreso]], Y que estamos en la opcion ordenes de la categoria Ventas [Elvia seleccionar [Elvia clicks on Boton de cerrar, Elvia clicks on Ingresar Ventas, Elvia clicks on Ingresar Orden]], Cuando agrego un producto a la nueva orden [Elvia agregar [Elvia clicks on Agregar ORDEN, Elvia clicks on Agregar Producto, Elvia enters 'iMac' into Campo del Producto, Elvia clicks on BOTON GUARDAR]], Entonces verifico mensaje de exito "Success: You have modified your shopping cart!" [Then mensaje]
[Test worker] WARN net.thucydides.core.steps.BaseStepListener - TestOutcomes: [Inicio de sesion exitoso:Dado que Elvia ingresa a la pagina de Opencart [Elvia abrir navegador [Elvia opens the Abrir pagina]], Y digito los datos correctos de inicio [Elvia ingresar [Elvia enters 'demo' into Campo del Usuario, Elvia enters 'demo' into Campo de la contraseÃ±a, Elvia clicks on Boton de ingreso]], Cuando cierro la notificacion de alerta [Elvia cerrar [Elvia clicks on Boton de cerrar]], Entonces verifico pagina principal "Dashboard" [Then validar], Agregar un producto a una orden nueva:Dado que Elvia ingresa a la pagina de Opencart [Elvia abrir navegador [Elvia opens the Abrir pagina]], Y digito los datos correctos de inicio [Elvia ingresar [Elvia enters 'demo' into Campo del Usuario, Elvia enters 'demo' into Campo de la contraseÃ±a, Elvia clicks on Boton de ingreso]], Y que estamos en la opcion ordenes de la categoria Ventas [Elvia seleccionar [Elvia clicks on Boton de cerrar, Elvia clicks on Ingresar Ventas, Elvia clicks on Ingresar Orden]], Cuando agrego un producto a la nueva orden [Elvia agregar [Elvia clicks on Agregar ORDEN, Elvia clicks on Agregar Producto, Elvia enters 'iMac' into Campo del Producto, Elvia clicks on BOTON GUARDAR]], Entonces verifico mensaje de exito "Success: You have modified your shopping cart!" [Then mensaje]]
[Test worker] WARN net.thucydides.core.steps.BaseStepListener - Final testOutcomes: [Inicio de sesion exitoso:Dado que Elvia ingresa a la pagina de Opencart [Elvia abrir navegador [Elvia opens the Abrir pagina]], Y digito los datos correctos de inicio [Elvia ingresar [Elvia enters 'demo' into Campo del Usuario, Elvia enters 'demo' into Campo de la contraseÃ±a, Elvia clicks on Boton de ingreso]], Cuando cierro la notificacion de alerta [Elvia cerrar [Elvia clicks on Boton de cerrar]], Entonces verifico pagina principal "Dashboard" [Then validar], Agregar un producto a una orden nueva:Dado que Elvia ingresa a la pagina de Opencart [Elvia abrir navegador [Elvia opens the Abrir pagina]], Y digito los datos correctos de inicio [Elvia ingresar [Elvia enters 'demo' into Campo del Usuario, Elvia enters 'demo' into Campo de la contraseÃ±a, Elvia clicks on Boton de ingreso]], Y que estamos en la opcion ordenes de la categoria Ventas [Elvia seleccionar [Elvia clicks on Boton de cerrar, Elvia clicks on Ingresar Ventas, Elvia clicks on Ingresar Orden]], Cuando agrego un producto a la nueva orden [Elvia agregar [Elvia clicks on Agregar ORDEN, Elvia clicks on Agregar Producto, Elvia enters 'iMac' into Campo del Producto, Elvia clicks on BOTON GUARDAR]], Entonces verifico mensaje de exito "Success: You have modified your shopping cart!" [Then mensaje]]
[Test worker] ERROR net.thucydides.core.steps.ConsoleLoggingListener - 
           __  _____ _____ ____ _____   _____ _    ___ _     _____ ____  
  _       / / |_   _| ____/ ___|_   _| |  ___/ \  |_ _| |   | ____|  _ \ 
 (_)_____| |    | | |  _| \___ \ | |   | |_ / _ \  | || |   |  _| | | | |
  _|_____| |    | | | |___ ___) || |   |  _/ ___ \ | || |___| |___| |_| |
 (_)     | |    |_| |_____|____/ |_|   |_|/_/   \_\___|_____|_____|____/ 
          \_\                                                            

TEST FAILED: Agregar un producto a una orden nueva
--------------------------------------------------------------------------
[Test worker] ERROR net.thucydides.core.steps.ConsoleLoggingListener - TEST FAILED AT STEP Then mensaje
[Test worker] ERROR net.thucydides.core.steps.ConsoleLoggingListener - Expected mensajeExpected: is <true> but: was <false>
[Test worker] WARN net.thucydides.core.steps.BaseStepListener - stepStarted: net.thucydides.core.steps.ExecutedStepDescription@762f27f5
[Test worker] WARN net.thucydides.core.steps.BaseStepListener - stepStarted: net.thucydides.core.steps.ExecutedStepDescription@47793acc
[Test worker] WARN net.thucydides.core.steps.BaseStepListener - stepStarted: net.thucydides.core.steps.ExecutedStepDescription@7acb4234
jun 08, 2022 6:09:55 PM org.openqa.selenium.remote.DesiredCapabilities chrome
INFORMACIÓN: Using `new ChromeOptions()` is preferred to `DesiredCapabilities.chrome()`
[Test worker] INFO net.serenitybdd.core.webdriver.driverproviders.ProvideNewDriver - Instantiating driver
[Test worker] INFO net.serenitybdd.core.webdriver.driverproviders.ProvideNewDriver - Driver capabilities: Capabilities {acceptInsecureCerts: false, browserName: chrome, chrome.switches: --start-maximized, goog:chromeOptions: {args: [--start-maximized], extensions: []}, loggingPrefs: org.openqa.selenium.logging..., platform: ANY, version: }
Starting ChromeDriver 102.0.5005.61 (0e59bcc00cc4985ce39ad31c150065f159d95ad3-refs/branch-heads/5005@{#819}) on port 9017
Only local connections are allowed.
Please see https://chromedriver.chromium.org/security-considerations for suggestions on keeping ChromeDriver safe.
ChromeDriver was started successfully.
jun 08, 2022 6:09:57 PM org.openqa.selenium.remote.ProtocolHandshake createSession
INFORMACIÓN: Detected dialect: W3C
[Test worker] WARN net.thucydides.core.steps.BaseStepListener - stepFinished: current outcome:eliminar un cupon en la funcuionalidad Marketing:Dado que Elvia ingresa a la pagina de Opencart [Elvia abrir navegador [Elvia opens the Abrir pagina]]
[Test worker] WARN net.thucydides.core.steps.BaseStepListener - stepFinished: current outcome:eliminar un cupon en la funcuionalidad Marketing:Dado que Elvia ingresa a la pagina de Opencart [Elvia abrir navegador [Elvia opens the Abrir pagina]]
[Test worker] WARN net.thucydides.core.steps.BaseStepListener - stepFinished: current outcome:eliminar un cupon en la funcuionalidad Marketing:Dado que Elvia ingresa a la pagina de Opencart [Elvia abrir navegador [Elvia opens the Abrir pagina]]
[Test worker] WARN net.thucydides.core.steps.BaseStepListener - stepStarted: net.thucydides.core.steps.ExecutedStepDescription@46044817
[Test worker] WARN net.thucydides.core.steps.BaseStepListener - stepStarted: net.thucydides.core.steps.ExecutedStepDescription@67329adf
[Test worker] WARN net.thucydides.core.steps.BaseStepListener - stepStarted: net.thucydides.core.steps.ExecutedStepDescription@32bb96d0
[Test worker] WARN net.thucydides.core.steps.BaseStepListener - stepFinished: current outcome:eliminar un cupon en la funcuionalidad Marketing:Dado que Elvia ingresa a la pagina de Opencart [Elvia abrir navegador [Elvia opens the Abrir pagina]], Y digito los datos correctos de inicio [Elvia ingresar [Elvia enters 'demo' into Campo del Usuario]]
[Test worker] WARN net.thucydides.core.steps.BaseStepListener - stepStarted: net.thucydides.core.steps.ExecutedStepDescription@6ed18908
[Test worker] WARN net.thucydides.core.steps.BaseStepListener - stepFinished: current outcome:eliminar un cupon en la funcuionalidad Marketing:Dado que Elvia ingresa a la pagina de Opencart [Elvia abrir navegador [Elvia opens the Abrir pagina]], Y digito los datos correctos de inicio [Elvia ingresar [Elvia enters 'demo' into Campo del Usuario, Elvia enters 'demo' into Campo de la contraseÃ±a]]
[Test worker] WARN net.thucydides.core.steps.BaseStepListener - stepStarted: net.thucydides.core.steps.ExecutedStepDescription@78a897b5
[Test worker] WARN net.thucydides.core.steps.BaseStepListener - stepFinished: current outcome:eliminar un cupon en la funcuionalidad Marketing:Dado que Elvia ingresa a la pagina de Opencart [Elvia abrir navegador [Elvia opens the Abrir pagina]], Y digito los datos correctos de inicio [Elvia ingresar [Elvia enters 'demo' into Campo del Usuario, Elvia enters 'demo' into Campo de la contraseÃ±a, Elvia clicks on Boton de ingreso]]
[Test worker] WARN net.thucydides.core.steps.BaseStepListener - stepFinished: current outcome:eliminar un cupon en la funcuionalidad Marketing:Dado que Elvia ingresa a la pagina de Opencart [Elvia abrir navegador [Elvia opens the Abrir pagina]], Y digito los datos correctos de inicio [Elvia ingresar [Elvia enters 'demo' into Campo del Usuario, Elvia enters 'demo' into Campo de la contraseÃ±a, Elvia clicks on Boton de ingreso]]
[Test worker] WARN net.thucydides.core.steps.BaseStepListener - stepFinished: current outcome:eliminar un cupon en la funcuionalidad Marketing:Dado que Elvia ingresa a la pagina de Opencart [Elvia abrir navegador [Elvia opens the Abrir pagina]], Y digito los datos correctos de inicio [Elvia ingresar [Elvia enters 'demo' into Campo del Usuario, Elvia enters 'demo' into Campo de la contraseÃ±a, Elvia clicks on Boton de ingreso]]
[Test worker] WARN net.thucydides.core.steps.BaseStepListener - stepStarted: net.thucydides.core.steps.ExecutedStepDescription@28b09abf
[Test worker] WARN net.thucydides.core.steps.BaseStepListener - stepFinished: current outcome:eliminar un cupon en la funcuionalidad Marketing:Dado que Elvia ingresa a la pagina de Opencart [Elvia abrir navegador [Elvia opens the Abrir pagina]], Y digito los datos correctos de inicio [Elvia ingresar [Elvia enters 'demo' into Campo del Usuario, Elvia enters 'demo' into Campo de la contraseÃ±a, Elvia clicks on Boton de ingreso]], Y que estamoe en la opcion cupones de la funcionalidad Maketing
[Test worker] WARN net.thucydides.core.steps.BaseStepListener - stepStarted: net.thucydides.core.steps.ExecutedStepDescription@44565df7
[Test worker] WARN net.thucydides.core.steps.BaseStepListener - stepFinished: current outcome:eliminar un cupon en la funcuionalidad Marketing:Dado que Elvia ingresa a la pagina de Opencart [Elvia abrir navegador [Elvia opens the Abrir pagina]], Y digito los datos correctos de inicio [Elvia ingresar [Elvia enters 'demo' into Campo del Usuario, Elvia enters 'demo' into Campo de la contraseÃ±a, Elvia clicks on Boton de ingreso]], Y que estamoe en la opcion cupones de la funcionalidad Maketing, Cuando selecciono y elimino el cupon que se desee eliminar
[Test worker] WARN net.thucydides.core.steps.BaseStepListener - stepStarted: net.thucydides.core.steps.ExecutedStepDescription@60782932
[Test worker] WARN net.thucydides.core.steps.BaseStepListener - stepFinished: current outcome:eliminar un cupon en la funcuionalidad Marketing:Dado que Elvia ingresa a la pagina de Opencart [Elvia abrir navegador [Elvia opens the Abrir pagina]], Y digito los datos correctos de inicio [Elvia ingresar [Elvia enters 'demo' into Campo del Usuario, Elvia enters 'demo' into Campo de la contraseÃ±a, Elvia clicks on Boton de ingreso]], Y que estamoe en la opcion cupones de la funcionalidad Maketing, Cuando selecciono y elimino el cupon que se desee eliminar, Entonces "verifico mensaje de confimacion "Are you sure?"
[Test worker] WARN net.thucydides.core.steps.BaseStepListener - testFinished: eliminar un cupon en la funcuionalidad Marketing:Dado que Elvia ingresa a la pagina de Opencart [Elvia abrir navegador [Elvia opens the Abrir pagina]], Y digito los datos correctos de inicio [Elvia ingresar [Elvia enters 'demo' into Campo del Usuario, Elvia enters 'demo' into Campo de la contraseÃ±a, Elvia clicks on Boton de ingreso]], Y que estamoe en la opcion cupones de la funcionalidad Maketing, Cuando selecciono y elimino el cupon que se desee eliminar, Entonces "verifico mensaje de confimacion "Are you sure?"
[Test worker] WARN net.thucydides.core.steps.BaseStepListener - TestOutcomes: [Inicio de sesion exitoso:Dado que Elvia ingresa a la pagina de Opencart [Elvia abrir navegador [Elvia opens the Abrir pagina]], Y digito los datos correctos de inicio [Elvia ingresar [Elvia enters 'demo' into Campo del Usuario, Elvia enters 'demo' into Campo de la contraseÃ±a, Elvia clicks on Boton de ingreso]], Cuando cierro la notificacion de alerta [Elvia cerrar [Elvia clicks on Boton de cerrar]], Entonces verifico pagina principal "Dashboard" [Then validar], Agregar un producto a una orden nueva:Dado que Elvia ingresa a la pagina de Opencart [Elvia abrir navegador [Elvia opens the Abrir pagina]], Y digito los datos correctos de inicio [Elvia ingresar [Elvia enters 'demo' into Campo del Usuario, Elvia enters 'demo' into Campo de la contraseÃ±a, Elvia clicks on Boton de ingreso]], Y que estamos en la opcion ordenes de la categoria Ventas [Elvia seleccionar [Elvia clicks on Boton de cerrar, Elvia clicks on Ingresar Ventas, Elvia clicks on Ingresar Orden]], Cuando agrego un producto a la nueva orden [Elvia agregar [Elvia clicks on Agregar ORDEN, Elvia clicks on Agregar Producto, Elvia enters 'iMac' into Campo del Producto, Elvia clicks on BOTON GUARDAR]], Entonces verifico mensaje de exito "Success: You have modified your shopping cart!" [Then mensaje], eliminar un cupon en la funcuionalidad Marketing:Dado que Elvia ingresa a la pagina de Opencart [Elvia abrir navegador [Elvia opens the Abrir pagina]], Y digito los datos correctos de inicio [Elvia ingresar [Elvia enters 'demo' into Campo del Usuario, Elvia enters 'demo' into Campo de la contraseÃ±a, Elvia clicks on Boton de ingreso]], Y que estamoe en la opcion cupones de la funcionalidad Maketing, Cuando selecciono y elimino el cupon que se desee eliminar, Entonces "verifico mensaje de confimacion "Are you sure?"]
[Test worker] WARN net.thucydides.core.steps.BaseStepListener - Final testOutcomes: [Inicio de sesion exitoso:Dado que Elvia ingresa a la pagina de Opencart [Elvia abrir navegador [Elvia opens the Abrir pagina]], Y digito los datos correctos de inicio [Elvia ingresar [Elvia enters 'demo' into Campo del Usuario, Elvia enters 'demo' into Campo de la contraseÃ±a, Elvia clicks on Boton de ingreso]], Cuando cierro la notificacion de alerta [Elvia cerrar [Elvia clicks on Boton de cerrar]], Entonces verifico pagina principal "Dashboard" [Then validar], Agregar un producto a una orden nueva:Dado que Elvia ingresa a la pagina de Opencart [Elvia abrir navegador [Elvia opens the Abrir pagina]], Y digito los datos correctos de inicio [Elvia ingresar [Elvia enters 'demo' into Campo del Usuario, Elvia enters 'demo' into Campo de la contraseÃ±a, Elvia clicks on Boton de ingreso]], Y que estamos en la opcion ordenes de la categoria Ventas [Elvia seleccionar [Elvia clicks on Boton de cerrar, Elvia clicks on Ingresar Ventas, Elvia clicks on Ingresar Orden]], Cuando agrego un producto a la nueva orden [Elvia agregar [Elvia clicks on Agregar ORDEN, Elvia clicks on Agregar Producto, Elvia enters 'iMac' into Campo del Producto, Elvia clicks on BOTON GUARDAR]], Entonces verifico mensaje de exito "Success: You have modified your shopping cart!" [Then mensaje], eliminar un cupon en la funcuionalidad Marketing:Dado que Elvia ingresa a la pagina de Opencart [Elvia abrir navegador [Elvia opens the Abrir pagina]], Y digito los datos correctos de inicio [Elvia ingresar [Elvia enters 'demo' into Campo del Usuario, Elvia enters 'demo' into Campo de la contraseÃ±a, Elvia clicks on Boton de ingreso]], Y que estamoe en la opcion cupones de la funcionalidad Maketing, Cuando selecciono y elimino el cupon que se desee eliminar, Entonces "verifico mensaje de confimacion "Are you sure?"]
[Test worker] INFO net.thucydides.core.steps.ConsoleLoggingListener - 
        __    _____ _____ ____ _____   ____   _    ____  ____  _____ ____  
  _     \ \  |_   _| ____/ ___|_   _| |  _ \ / \  / ___|/ ___|| ____|  _ \ 
 (_)_____| |   | | |  _| \___ \ | |   | |_) / _ \ \___ \\___ \|  _| | | | |
  _|_____| |   | | | |___ ___) || |   |  __/ ___ \ ___) |___) | |___| |_| |
 (_)     | |   |_| |_____|____/ |_|   |_| /_/   \_\____/|____/|_____|____/ 
        /_/                                                                

TEST PASSED: eliminar un cupon en la funcuionalidad Marketing
----------------------------------------------------------------------------
]]></system-err>
</testsuite>
