<?xml version="1.0" encoding="UTF-8"?>
<testsuite name="co.com.choucair.RetoAutomatizacion.runners.RunnerTags" tests="0" skipped="0" failures="0" errors="0" timestamp="1970-01-01T00:00:00" hostname="CHBOGPF0FNML4" time="0.0">
  <properties/>
  <system-out><![CDATA[REGISTER BASE STEP LISTENER net.thucydides.core.steps.BaseStepListener@3648c767

?[31mFailed scenarios:?[0m
?[31msrc/test/resources/features/Opencart.feature:18 ?[0m# Agregar un producto a una orden nueva

3 Scenarios (?[31m1 failed?[0m, ?[32m2 passed?[0m)
14 Steps (?[31m1 failed?[0m, ?[32m13 passed?[0m)
0m30,235s

java.lang.AssertionError: Expected mensaje
Expected: is <true>
     but: was <false>
	at net.serenitybdd.screenplay.ErrorTally.throwSummaryExceptionFrom(ErrorTally.java:36)
	at net.serenitybdd.screenplay.ErrorTally.reportAnyErrors(ErrorTally.java:30)
	at net.serenitybdd.screenplay.Actor.should(Actor.java:301)
	at co.com.choucair.RetoAutomatizacion.stepdefinitions.midefinicion.verificoMensajeDeExito(midefinicion.java:59)
	at ?.verifico mensaje de exito "Success: You have modified your shopping cart!"(src/test/resources/features/Opencart.feature:21)

]]></system-out>
  <system-err><![CDATA[[Test worker] INFO net.thucydides.core.steps.ConsoleLoggingListener - 

-------------------------------------------------------------------------------------
     _______. _______ .______       _______ .__   __.  __  .___________.____    ____ 
    /       ||   ____||   _  \     |   ____||  \ |  | |  | |           |\   \  /   / 
   |   (----`|  |__   |  |_)  |    |  |__   |   \|  | |  | `---|  |----` \   \/   /  
    \   \    |   __|  |      /     |   __|  |  . `  | |  |     |  |       \_    _/   
.----)   |   |  |____ |  |\  \----.|  |____ |  |\   | |  |     |  |         |  |     
|_______/    |_______|| _| `._____||_______||__| \__| |__|     |__|         |__|    
                                                                                     
 News and tutorials at http://www.serenity-bdd.info                                  
 Documentation at https://wakaleo.gitbooks.io/the-serenity-book/content/             
 Join the Serenity Community on Rocket Chat at https://serenity-bdd.rocket.chat      
 Serenity BDD Support and Training at http://serenity-bdd.info/#/trainingandsupport  
 Learn Serenity BDD online at http://serenity-dojo.com                               
-------------------------------------------------------------------------------------

[Test worker] INFO net.thucydides.core.steps.ConsoleLoggingListener - Test Suite Started: Ingreso a opencart verificaion de datos
[Test worker] WARN net.thucydides.core.steps.BaseStepListener - testStarted: Inicio de sesion exitoso/ingreso-a-opencart-verificaion-de-datos;inicio-de-sesion-exitoso
[Test worker] INFO net.thucydides.core.steps.ConsoleLoggingListener - 
 _____ _____ ____ _____   ____ _____  _    ____ _____ _____ ____  
|_   _| ____/ ___|_   _| / ___|_   _|/ \  |  _ \_   _| ____|  _ \ 
  | | |  _| \___ \ | |   \___ \ | | / _ \ | |_) || | |  _| | | | |
  | | | |___ ___) || |    ___) || |/ ___ \|  _ < | | | |___| |_| |
  |_| |_____|____/ |_|   |____/ |_/_/   \_\_| \_\|_| |_____|____/ 
                                                                  

TEST STARTED: Inicio de sesion exitoso
-------------------------------------------------------------------(ingreso-a-opencart-verificaion-de-datos;inicio-de-sesion-exitoso)
[Test worker] WARN net.thucydides.core.steps.BaseStepListener - testStarted: Agregar un producto a una orden nueva/ingreso-a-opencart-verificaion-de-datos;agregar-un-producto-a-una-orden-nueva
[Test worker] INFO net.thucydides.core.steps.ConsoleLoggingListener - 
 _____ _____ ____ _____   ____ _____  _    ____ _____ _____ ____  
|_   _| ____/ ___|_   _| / ___|_   _|/ \  |  _ \_   _| ____|  _ \ 
  | | |  _| \___ \ | |   \___ \ | | / _ \ | |_) || | |  _| | | | |
  | | | |___ ___) || |    ___) || |/ ___ \|  _ < | | | |___| |_| |
  |_| |_____|____/ |_|   |____/ |_/_/   \_\_| \_\|_| |_____|____/ 
                                                                  

TEST STARTED: Agregar un producto a una orden nueva
-------------------------------------------------------------------(ingreso-a-opencart-verificaion-de-datos;agregar-un-producto-a-una-orden-nueva)
[Test worker] WARN net.thucydides.core.steps.BaseStepListener - testStarted: eliminar un cupon en la funcuionalidad Marketing/ingreso-a-opencart-verificaion-de-datos;eliminar-un-cupon-en-la-funcuionalidad-marketing
[Test worker] INFO net.thucydides.core.steps.ConsoleLoggingListener - 
 _____ _____ ____ _____   ____ _____  _    ____ _____ _____ ____  
|_   _| ____/ ___|_   _| / ___|_   _|/ \  |  _ \_   _| ____|  _ \ 
  | | |  _| \___ \ | |   \___ \ | | / _ \ | |_) || | |  _| | | | |
  | | | |___ ___) || |    ___) || |/ ___ \|  _ < | | | |___| |_| |
  |_| |_____|____/ |_|   |____/ |_/_/   \_\_| \_\|_| |_____|____/ 
                                                                  

TEST STARTED: eliminar un cupon en la funcuionalidad Marketing
-------------------------------------------------------------------(ingreso-a-opencart-verificaion-de-datos;eliminar-un-cupon-en-la-funcuionalidad-marketing)
[pool-2-thread-2] INFO net.thucydides.core.requirements.PackageRequirementsTagProvider - Loading requirements from package requirements at: net.thucydides.showcase.cucumber.junit
[pool-2-thread-1] INFO net.thucydides.core.requirements.PackageRequirementsTagProvider - Loading requirements from package requirements at: net.thucydides.showcase.cucumber.junit
[pool-2-thread-3] INFO net.thucydides.core.requirements.PackageRequirementsTagProvider - Loading requirements from package requirements at: net.thucydides.showcase.cucumber.junit
]]></system-err>
</testsuite>
