<?xml version="1.0" encoding="UTF-8"?>
<testsuite name="Ingreso a opencart verificaion de datos" tests="3" skipped="0" failures="0" errors="0" timestamp="2022-06-08T17:08:55" hostname="CHBOGPF0FNML4" time="28.656">
  <properties/>
  <testcase name="Inicio de sesion exitoso" classname="Ingreso a opencart verificaion de datos" time="14.569"/>
  <testcase name="Agregar un producto a una orden nueva" classname="Ingreso a opencart verificaion de datos" time="7.134"/>
  <testcase name="eliminar un cupon en la funcuionalidad Marketing" classname="Ingreso a opencart verificaion de datos" time="6.92"/>
  <system-out><![CDATA[]]></system-out>
  <system-err><![CDATA[[Test worker] WARN net.thucydides.core.steps.BaseStepListener - stepStarted: net.thucydides.core.steps.ExecutedStepDescription@163bb5b2
[Test worker] WARN net.thucydides.core.steps.BaseStepListener - stepStarted: net.thucydides.core.steps.ExecutedStepDescription@67041cc6
[Test worker] WARN net.thucydides.core.steps.BaseStepListener - stepStarted: net.thucydides.core.steps.ExecutedStepDescription@30308331
jun 08, 2022 12:08:57 PM org.openqa.selenium.remote.DesiredCapabilities chrome
INFORMACIÓN: Using `new ChromeOptions()` is preferred to `DesiredCapabilities.chrome()`
[Test worker] INFO net.serenitybdd.core.webdriver.driverproviders.ProvideNewDriver - Instantiating driver
[Test worker] INFO net.serenitybdd.core.webdriver.driverproviders.ProvideNewDriver - Driver capabilities: Capabilities {acceptInsecureCerts: false, browserName: chrome, chrome.switches: --start-maximized, goog:chromeOptions: {args: [--start-maximized], extensions: []}, loggingPrefs: org.openqa.selenium.logging..., platform: ANY, version: }
Starting ChromeDriver 102.0.5005.61 (0e59bcc00cc4985ce39ad31c150065f159d95ad3-refs/branch-heads/5005@{#819}) on port 1734
Only local connections are allowed.
Please see https://chromedriver.chromium.org/security-considerations for suggestions on keeping ChromeDriver safe.
ChromeDriver was started successfully.
jun 08, 2022 12:09:01 PM org.openqa.selenium.remote.ProtocolHandshake createSession
INFORMACIÓN: Detected dialect: W3C
[Test worker] WARN net.thucydides.core.steps.BaseStepListener - stepFinished: current outcome:Inicio de sesion exitoso:Dado que Elvia ingresa a la pagina de Opencart [Elvia abrir navegador [Elvia opens the Abrir pagina]]
[Test worker] WARN net.thucydides.core.steps.BaseStepListener - stepFinished: current outcome:Inicio de sesion exitoso:Dado que Elvia ingresa a la pagina de Opencart [Elvia abrir navegador [Elvia opens the Abrir pagina]]
[Test worker] WARN net.thucydides.core.steps.BaseStepListener - stepFinished: current outcome:Inicio de sesion exitoso:Dado que Elvia ingresa a la pagina de Opencart [Elvia abrir navegador [Elvia opens the Abrir pagina]]
[Test worker] WARN net.thucydides.core.steps.BaseStepListener - stepStarted: net.thucydides.core.steps.ExecutedStepDescription@33519fc7
[Test worker] WARN net.thucydides.core.steps.BaseStepListener - stepStarted: net.thucydides.core.steps.ExecutedStepDescription@4616f2dc
[Test worker] WARN net.thucydides.core.steps.BaseStepListener - stepStarted: net.thucydides.core.steps.ExecutedStepDescription@4d577105
[Test worker] WARN net.thucydides.core.steps.BaseStepListener - stepFinished: current outcome:Inicio de sesion exitoso:Dado que Elvia ingresa a la pagina de Opencart [Elvia abrir navegador [Elvia opens the Abrir pagina]], Y digito los datos correctos de inicio [Elvia ingresar [Elvia enters 'demo' into Campo del Usuario]]
[Test worker] WARN net.thucydides.core.steps.BaseStepListener - stepStarted: net.thucydides.core.steps.ExecutedStepDescription@c08cf4d
[Test worker] WARN net.thucydides.core.steps.BaseStepListener - stepFinished: current outcome:Inicio de sesion exitoso:Dado que Elvia ingresa a la pagina de Opencart [Elvia abrir navegador [Elvia opens the Abrir pagina]], Y digito los datos correctos de inicio [Elvia ingresar [Elvia enters 'demo' into Campo del Usuario, Elvia enters 'demo' into Campo de la contraseÃ±a]]
[Test worker] WARN net.thucydides.core.steps.BaseStepListener - stepStarted: net.thucydides.core.steps.ExecutedStepDescription@95bd2f3
[Test worker] WARN net.thucydides.core.steps.BaseStepListener - stepFinished: current outcome:Inicio de sesion exitoso:Dado que Elvia ingresa a la pagina de Opencart [Elvia abrir navegador [Elvia opens the Abrir pagina]], Y digito los datos correctos de inicio [Elvia ingresar [Elvia enters 'demo' into Campo del Usuario, Elvia enters 'demo' into Campo de la contraseÃ±a, Elvia clicks on Boton de ingreso]]
[Test worker] WARN net.thucydides.core.steps.BaseStepListener - stepFinished: current outcome:Inicio de sesion exitoso:Dado que Elvia ingresa a la pagina de Opencart [Elvia abrir navegador [Elvia opens the Abrir pagina]], Y digito los datos correctos de inicio [Elvia ingresar [Elvia enters 'demo' into Campo del Usuario, Elvia enters 'demo' into Campo de la contraseÃ±a, Elvia clicks on Boton de ingreso]]
[Test worker] WARN net.thucydides.core.steps.BaseStepListener - stepFinished: current outcome:Inicio de sesion exitoso:Dado que Elvia ingresa a la pagina de Opencart [Elvia abrir navegador [Elvia opens the Abrir pagina]], Y digito los datos correctos de inicio [Elvia ingresar [Elvia enters 'demo' into Campo del Usuario, Elvia enters 'demo' into Campo de la contraseÃ±a, Elvia clicks on Boton de ingreso]]
[Test worker] WARN net.thucydides.core.steps.BaseStepListener - stepStarted: net.thucydides.core.steps.ExecutedStepDescription@eb06c97
[Test worker] WARN net.thucydides.core.steps.BaseStepListener - stepStarted: net.thucydides.core.steps.ExecutedStepDescription@72d008a7
[Test worker] WARN net.thucydides.core.steps.BaseStepListener - stepStarted: net.thucydides.core.steps.ExecutedStepDescription@3c2309dd
[Test worker] WARN net.thucydides.core.steps.BaseStepListener - stepFinished: current outcome:Inicio de sesion exitoso:Dado que Elvia ingresa a la pagina de Opencart [Elvia abrir navegador [Elvia opens the Abrir pagina]], Y digito los datos correctos de inicio [Elvia ingresar [Elvia enters 'demo' into Campo del Usuario, Elvia enters 'demo' into Campo de la contraseÃ±a, Elvia clicks on Boton de ingreso]], Cuando cierro la notificacion de alerta [Elvia cerrar [Elvia clicks on Boton de cerrar]]
[Test worker] WARN net.thucydides.core.steps.BaseStepListener - stepFinished: current outcome:Inicio de sesion exitoso:Dado que Elvia ingresa a la pagina de Opencart [Elvia abrir navegador [Elvia opens the Abrir pagina]], Y digito los datos correctos de inicio [Elvia ingresar [Elvia enters 'demo' into Campo del Usuario, Elvia enters 'demo' into Campo de la contraseÃ±a, Elvia clicks on Boton de ingreso]], Cuando cierro la notificacion de alerta [Elvia cerrar [Elvia clicks on Boton de cerrar]]
[Test worker] WARN net.thucydides.core.steps.BaseStepListener - stepFinished: current outcome:Inicio de sesion exitoso:Dado que Elvia ingresa a la pagina de Opencart [Elvia abrir navegador [Elvia opens the Abrir pagina]], Y digito los datos correctos de inicio [Elvia ingresar [Elvia enters 'demo' into Campo del Usuario, Elvia enters 'demo' into Campo de la contraseÃ±a, Elvia clicks on Boton de ingreso]], Cuando cierro la notificacion de alerta [Elvia cerrar [Elvia clicks on Boton de cerrar]]
[Test worker] WARN net.thucydides.core.steps.BaseStepListener - stepStarted: net.thucydides.core.steps.ExecutedStepDescription@1031555c
[Test worker] WARN net.thucydides.core.steps.BaseStepListener - stepStarted: net.thucydides.core.steps.ExecutedStepDescription@2153e8d1
[Test worker] WARN net.thucydides.core.steps.BaseStepListener - stepFinished: current outcome:Inicio de sesion exitoso:Dado que Elvia ingresa a la pagina de Opencart [Elvia abrir navegador [Elvia opens the Abrir pagina]], Y digito los datos correctos de inicio [Elvia ingresar [Elvia enters 'demo' into Campo del Usuario, Elvia enters 'demo' into Campo de la contraseÃ±a, Elvia clicks on Boton de ingreso]], Cuando cierro la notificacion de alerta [Elvia cerrar [Elvia clicks on Boton de cerrar]], Entonces verifico pagina principal "Dashboard" [Then validar]
[Test worker] WARN net.thucydides.core.steps.BaseStepListener - stepFinished: current outcome:Inicio de sesion exitoso:Dado que Elvia ingresa a la pagina de Opencart [Elvia abrir navegador [Elvia opens the Abrir pagina]], Y digito los datos correctos de inicio [Elvia ingresar [Elvia enters 'demo' into Campo del Usuario, Elvia enters 'demo' into Campo de la contraseÃ±a, Elvia clicks on Boton de ingreso]], Cuando cierro la notificacion de alerta [Elvia cerrar [Elvia clicks on Boton de cerrar]], Entonces verifico pagina principal "Dashboard" [Then validar]
[Test worker] WARN net.thucydides.core.steps.BaseStepListener - testFinished: Inicio de sesion exitoso:Dado que Elvia ingresa a la pagina de Opencart [Elvia abrir navegador [Elvia opens the Abrir pagina]], Y digito los datos correctos de inicio [Elvia ingresar [Elvia enters 'demo' into Campo del Usuario, Elvia enters 'demo' into Campo de la contraseÃ±a, Elvia clicks on Boton de ingreso]], Cuando cierro la notificacion de alerta [Elvia cerrar [Elvia clicks on Boton de cerrar]], Entonces verifico pagina principal "Dashboard" [Then validar]
[Test worker] WARN net.thucydides.core.steps.BaseStepListener - TestOutcomes: [Inicio de sesion exitoso:Dado que Elvia ingresa a la pagina de Opencart [Elvia abrir navegador [Elvia opens the Abrir pagina]], Y digito los datos correctos de inicio [Elvia ingresar [Elvia enters 'demo' into Campo del Usuario, Elvia enters 'demo' into Campo de la contraseÃ±a, Elvia clicks on Boton de ingreso]], Cuando cierro la notificacion de alerta [Elvia cerrar [Elvia clicks on Boton de cerrar]], Entonces verifico pagina principal "Dashboard" [Then validar]]
[Test worker] WARN net.thucydides.core.steps.BaseStepListener - Final testOutcomes: [Inicio de sesion exitoso:Dado que Elvia ingresa a la pagina de Opencart [Elvia abrir navegador [Elvia opens the Abrir pagina]], Y digito los datos correctos de inicio [Elvia ingresar [Elvia enters 'demo' into Campo del Usuario, Elvia enters 'demo' into Campo de la contraseÃ±a, Elvia clicks on Boton de ingreso]], Cuando cierro la notificacion de alerta [Elvia cerrar [Elvia clicks on Boton de cerrar]], Entonces verifico pagina principal "Dashboard" [Then validar]]
[Test worker] INFO net.thucydides.core.steps.ConsoleLoggingListener - 
        __    _____ _____ ____ _____   ____   _    ____  ____  _____ ____  
  _     \ \  |_   _| ____/ ___|_   _| |  _ \ / \  / ___|/ ___|| ____|  _ \ 
 (_)_____| |   | | |  _| \___ \ | |   | |_) / _ \ \___ \\___ \|  _| | | | |
  _|_____| |   | | | |___ ___) || |   |  __/ ___ \ ___) |___) | |___| |_| |
 (_)     | |   |_| |_____|____/ |_|   |_| /_/   \_\____/|____/|_____|____/ 
        /_/                                                                

TEST PASSED: Inicio de sesion exitoso
----------------------------------------------------------------------------
[Test worker] WARN net.thucydides.core.steps.BaseStepListener - stepStarted: net.thucydides.core.steps.ExecutedStepDescription@2cdab352
[Test worker] WARN net.thucydides.core.steps.BaseStepListener - stepStarted: net.thucydides.core.steps.ExecutedStepDescription@7609bcb5
[Test worker] WARN net.thucydides.core.steps.BaseStepListener - stepStarted: net.thucydides.core.steps.ExecutedStepDescription@2fd65e10
jun 08, 2022 12:09:10 PM org.openqa.selenium.remote.DesiredCapabilities chrome
INFORMACIÓN: Using `new ChromeOptions()` is preferred to `DesiredCapabilities.chrome()`
[Test worker] INFO net.serenitybdd.core.webdriver.driverproviders.ProvideNewDriver - Instantiating driver
[Test worker] INFO net.serenitybdd.core.webdriver.driverproviders.ProvideNewDriver - Driver capabilities: Capabilities {acceptInsecureCerts: false, browserName: chrome, chrome.switches: --start-maximized, goog:chromeOptions: {args: [--start-maximized], extensions: []}, loggingPrefs: org.openqa.selenium.logging..., platform: ANY, version: }
Starting ChromeDriver 102.0.5005.61 (0e59bcc00cc4985ce39ad31c150065f159d95ad3-refs/branch-heads/5005@{#819}) on port 30444
Only local connections are allowed.
Please see https://chromedriver.chromium.org/security-considerations for suggestions on keeping ChromeDriver safe.
ChromeDriver was started successfully.
jun 08, 2022 12:09:12 PM org.openqa.selenium.remote.ProtocolHandshake createSession
INFORMACIÓN: Detected dialect: W3C
[Test worker] WARN net.thucydides.core.steps.BaseStepListener - stepFinished: current outcome:Agregar un producto a una orden nueva:Dado que Elvia ingresa a la pagina de Opencart [Elvia abrir navegador [Elvia opens the Abrir pagina]]
[Test worker] WARN net.thucydides.core.steps.BaseStepListener - stepFinished: current outcome:Agregar un producto a una orden nueva:Dado que Elvia ingresa a la pagina de Opencart [Elvia abrir navegador [Elvia opens the Abrir pagina]]
[Test worker] WARN net.thucydides.core.steps.BaseStepListener - stepFinished: current outcome:Agregar un producto a una orden nueva:Dado que Elvia ingresa a la pagina de Opencart [Elvia abrir navegador [Elvia opens the Abrir pagina]]
[Test worker] WARN net.thucydides.core.steps.BaseStepListener - stepStarted: net.thucydides.core.steps.ExecutedStepDescription@596ef481
[Test worker] WARN net.thucydides.core.steps.BaseStepListener - stepStarted: net.thucydides.core.steps.ExecutedStepDescription@2fafc610
[Test worker] WARN net.thucydides.core.steps.BaseStepListener - stepStarted: net.thucydides.core.steps.ExecutedStepDescription@677a32c8
[Test worker] WARN net.thucydides.core.steps.BaseStepListener - stepFinished: current outcome:Agregar un producto a una orden nueva:Dado que Elvia ingresa a la pagina de Opencart [Elvia abrir navegador [Elvia opens the Abrir pagina]], Y digito los datos correctos de inicio [Elvia ingresar [Elvia enters 'demo' into Campo del Usuario]]
[Test worker] WARN net.thucydides.core.steps.BaseStepListener - stepStarted: net.thucydides.core.steps.ExecutedStepDescription@618dbf39
[Test worker] WARN net.thucydides.core.steps.BaseStepListener - stepFinished: current outcome:Agregar un producto a una orden nueva:Dado que Elvia ingresa a la pagina de Opencart [Elvia abrir navegador [Elvia opens the Abrir pagina]], Y digito los datos correctos de inicio [Elvia ingresar [Elvia enters 'demo' into Campo del Usuario, Elvia enters 'demo' into Campo de la contraseÃ±a]]
[Test worker] WARN net.thucydides.core.steps.BaseStepListener - stepStarted: net.thucydides.core.steps.ExecutedStepDescription@5f2f60bc
[Test worker] WARN net.thucydides.core.steps.BaseStepListener - stepFinished: current outcome:Agregar un producto a una orden nueva:Dado que Elvia ingresa a la pagina de Opencart [Elvia abrir navegador [Elvia opens the Abrir pagina]], Y digito los datos correctos de inicio [Elvia ingresar [Elvia enters 'demo' into Campo del Usuario, Elvia enters 'demo' into Campo de la contraseÃ±a, Elvia clicks on Boton de ingreso]]
[Test worker] WARN net.thucydides.core.steps.BaseStepListener - stepFinished: current outcome:Agregar un producto a una orden nueva:Dado que Elvia ingresa a la pagina de Opencart [Elvia abrir navegador [Elvia opens the Abrir pagina]], Y digito los datos correctos de inicio [Elvia ingresar [Elvia enters 'demo' into Campo del Usuario, Elvia enters 'demo' into Campo de la contraseÃ±a, Elvia clicks on Boton de ingreso]]
[Test worker] WARN net.thucydides.core.steps.BaseStepListener - stepFinished: current outcome:Agregar un producto a una orden nueva:Dado que Elvia ingresa a la pagina de Opencart [Elvia abrir navegador [Elvia opens the Abrir pagina]], Y digito los datos correctos de inicio [Elvia ingresar [Elvia enters 'demo' into Campo del Usuario, Elvia enters 'demo' into Campo de la contraseÃ±a, Elvia clicks on Boton de ingreso]]
[Test worker] WARN net.thucydides.core.steps.BaseStepListener - stepStarted: net.thucydides.core.steps.ExecutedStepDescription@2e8758f8
[Test worker] WARN net.thucydides.core.steps.BaseStepListener - stepFinished: current outcome:Agregar un producto a una orden nueva:Dado que Elvia ingresa a la pagina de Opencart [Elvia abrir navegador [Elvia opens the Abrir pagina]], Y digito los datos correctos de inicio [Elvia ingresar [Elvia enters 'demo' into Campo del Usuario, Elvia enters 'demo' into Campo de la contraseÃ±a, Elvia clicks on Boton de ingreso]], Y que estamos en la opcion ordenes de la categoria Ventas
[Test worker] WARN net.thucydides.core.steps.BaseStepListener - stepStarted: net.thucydides.core.steps.ExecutedStepDescription@34c11c60
[Test worker] WARN net.thucydides.core.steps.BaseStepListener - stepFinished: current outcome:Agregar un producto a una orden nueva:Dado que Elvia ingresa a la pagina de Opencart [Elvia abrir navegador [Elvia opens the Abrir pagina]], Y digito los datos correctos de inicio [Elvia ingresar [Elvia enters 'demo' into Campo del Usuario, Elvia enters 'demo' into Campo de la contraseÃ±a, Elvia clicks on Boton de ingreso]], Y que estamos en la opcion ordenes de la categoria Ventas, Cuando agrego un producto a la nueva orden
[Test worker] WARN net.thucydides.core.steps.BaseStepListener - stepStarted: net.thucydides.core.steps.ExecutedStepDescription@2c985586
[Test worker] WARN net.thucydides.core.steps.BaseStepListener - stepFinished: current outcome:Agregar un producto a una orden nueva:Dado que Elvia ingresa a la pagina de Opencart [Elvia abrir navegador [Elvia opens the Abrir pagina]], Y digito los datos correctos de inicio [Elvia ingresar [Elvia enters 'demo' into Campo del Usuario, Elvia enters 'demo' into Campo de la contraseÃ±a, Elvia clicks on Boton de ingreso]], Y que estamos en la opcion ordenes de la categoria Ventas, Cuando agrego un producto a la nueva orden, Entonces verifico mensaje de exito "Success: You have modified your shopping cart!"
[Test worker] WARN net.thucydides.core.steps.BaseStepListener - testFinished: Agregar un producto a una orden nueva:Dado que Elvia ingresa a la pagina de Opencart [Elvia abrir navegador [Elvia opens the Abrir pagina]], Y digito los datos correctos de inicio [Elvia ingresar [Elvia enters 'demo' into Campo del Usuario, Elvia enters 'demo' into Campo de la contraseÃ±a, Elvia clicks on Boton de ingreso]], Y que estamos en la opcion ordenes de la categoria Ventas, Cuando agrego un producto a la nueva orden, Entonces verifico mensaje de exito "Success: You have modified your shopping cart!"
[Test worker] WARN net.thucydides.core.steps.BaseStepListener - TestOutcomes: [Inicio de sesion exitoso:Dado que Elvia ingresa a la pagina de Opencart [Elvia abrir navegador [Elvia opens the Abrir pagina]], Y digito los datos correctos de inicio [Elvia ingresar [Elvia enters 'demo' into Campo del Usuario, Elvia enters 'demo' into Campo de la contraseÃ±a, Elvia clicks on Boton de ingreso]], Cuando cierro la notificacion de alerta [Elvia cerrar [Elvia clicks on Boton de cerrar]], Entonces verifico pagina principal "Dashboard" [Then validar], Agregar un producto a una orden nueva:Dado que Elvia ingresa a la pagina de Opencart [Elvia abrir navegador [Elvia opens the Abrir pagina]], Y digito los datos correctos de inicio [Elvia ingresar [Elvia enters 'demo' into Campo del Usuario, Elvia enters 'demo' into Campo de la contraseÃ±a, Elvia clicks on Boton de ingreso]], Y que estamos en la opcion ordenes de la categoria Ventas, Cuando agrego un producto a la nueva orden, Entonces verifico mensaje de exito "Success: You have modified your shopping cart!"]
[Test worker] WARN net.thucydides.core.steps.BaseStepListener - Final testOutcomes: [Inicio de sesion exitoso:Dado que Elvia ingresa a la pagina de Opencart [Elvia abrir navegador [Elvia opens the Abrir pagina]], Y digito los datos correctos de inicio [Elvia ingresar [Elvia enters 'demo' into Campo del Usuario, Elvia enters 'demo' into Campo de la contraseÃ±a, Elvia clicks on Boton de ingreso]], Cuando cierro la notificacion de alerta [Elvia cerrar [Elvia clicks on Boton de cerrar]], Entonces verifico pagina principal "Dashboard" [Then validar], Agregar un producto a una orden nueva:Dado que Elvia ingresa a la pagina de Opencart [Elvia abrir navegador [Elvia opens the Abrir pagina]], Y digito los datos correctos de inicio [Elvia ingresar [Elvia enters 'demo' into Campo del Usuario, Elvia enters 'demo' into Campo de la contraseÃ±a, Elvia clicks on Boton de ingreso]], Y que estamos en la opcion ordenes de la categoria Ventas, Cuando agrego un producto a la nueva orden, Entonces verifico mensaje de exito "Success: You have modified your shopping cart!"]
[Test worker] INFO net.thucydides.core.steps.ConsoleLoggingListener - 
        __    _____ _____ ____ _____   ____   _    ____  ____  _____ ____  
  _     \ \  |_   _| ____/ ___|_   _| |  _ \ / \  / ___|/ ___|| ____|  _ \ 
 (_)_____| |   | | |  _| \___ \ | |   | |_) / _ \ \___ \\___ \|  _| | | | |
  _|_____| |   | | | |___ ___) || |   |  __/ ___ \ ___) |___) | |___| |_| |
 (_)     | |   |_| |_____|____/ |_|   |_| /_/   \_\____/|____/|_____|____/ 
        /_/                                                                

TEST PASSED: Agregar un producto a una orden nueva
----------------------------------------------------------------------------
[Test worker] WARN net.thucydides.core.steps.BaseStepListener - stepStarted: net.thucydides.core.steps.ExecutedStepDescription@454f1696
[Test worker] WARN net.thucydides.core.steps.BaseStepListener - stepStarted: net.thucydides.core.steps.ExecutedStepDescription@5f535ce0
[Test worker] WARN net.thucydides.core.steps.BaseStepListener - stepStarted: net.thucydides.core.steps.ExecutedStepDescription@71e40a82
jun 08, 2022 12:09:17 PM org.openqa.selenium.remote.DesiredCapabilities chrome
INFORMACIÓN: Using `new ChromeOptions()` is preferred to `DesiredCapabilities.chrome()`
[Test worker] INFO net.serenitybdd.core.webdriver.driverproviders.ProvideNewDriver - Instantiating driver
[Test worker] INFO net.serenitybdd.core.webdriver.driverproviders.ProvideNewDriver - Driver capabilities: Capabilities {acceptInsecureCerts: false, browserName: chrome, chrome.switches: --start-maximized, goog:chromeOptions: {args: [--start-maximized], extensions: []}, loggingPrefs: org.openqa.selenium.logging..., platform: ANY, version: }
Starting ChromeDriver 102.0.5005.61 (0e59bcc00cc4985ce39ad31c150065f159d95ad3-refs/branch-heads/5005@{#819}) on port 20201
Only local connections are allowed.
Please see https://chromedriver.chromium.org/security-considerations for suggestions on keeping ChromeDriver safe.
ChromeDriver was started successfully.
jun 08, 2022 12:09:19 PM org.openqa.selenium.remote.ProtocolHandshake createSession
INFORMACIÓN: Detected dialect: W3C
[Test worker] WARN net.thucydides.core.steps.BaseStepListener - stepFinished: current outcome:eliminar un cupon en la funcuionalidad Marketing:Dado que Elvia ingresa a la pagina de Opencart [Elvia abrir navegador [Elvia opens the Abrir pagina]]
[Test worker] WARN net.thucydides.core.steps.BaseStepListener - stepFinished: current outcome:eliminar un cupon en la funcuionalidad Marketing:Dado que Elvia ingresa a la pagina de Opencart [Elvia abrir navegador [Elvia opens the Abrir pagina]]
[Test worker] WARN net.thucydides.core.steps.BaseStepListener - stepFinished: current outcome:eliminar un cupon en la funcuionalidad Marketing:Dado que Elvia ingresa a la pagina de Opencart [Elvia abrir navegador [Elvia opens the Abrir pagina]]
[Test worker] WARN net.thucydides.core.steps.BaseStepListener - stepStarted: net.thucydides.core.steps.ExecutedStepDescription@3adcce60
[Test worker] WARN net.thucydides.core.steps.BaseStepListener - stepStarted: net.thucydides.core.steps.ExecutedStepDescription@7941bf28
[Test worker] WARN net.thucydides.core.steps.BaseStepListener - stepStarted: net.thucydides.core.steps.ExecutedStepDescription@2cc46c5b
[Test worker] WARN net.thucydides.core.steps.BaseStepListener - stepFinished: current outcome:eliminar un cupon en la funcuionalidad Marketing:Dado que Elvia ingresa a la pagina de Opencart [Elvia abrir navegador [Elvia opens the Abrir pagina]], Y digito los datos correctos de inicio [Elvia ingresar [Elvia enters 'demo' into Campo del Usuario]]
[Test worker] WARN net.thucydides.core.steps.BaseStepListener - stepStarted: net.thucydides.core.steps.ExecutedStepDescription@60c91f35
[Test worker] WARN net.thucydides.core.steps.BaseStepListener - stepFinished: current outcome:eliminar un cupon en la funcuionalidad Marketing:Dado que Elvia ingresa a la pagina de Opencart [Elvia abrir navegador [Elvia opens the Abrir pagina]], Y digito los datos correctos de inicio [Elvia ingresar [Elvia enters 'demo' into Campo del Usuario, Elvia enters 'demo' into Campo de la contraseÃ±a]]
[Test worker] WARN net.thucydides.core.steps.BaseStepListener - stepStarted: net.thucydides.core.steps.ExecutedStepDescription@97530ec
[Test worker] WARN net.thucydides.core.steps.BaseStepListener - stepFinished: current outcome:eliminar un cupon en la funcuionalidad Marketing:Dado que Elvia ingresa a la pagina de Opencart [Elvia abrir navegador [Elvia opens the Abrir pagina]], Y digito los datos correctos de inicio [Elvia ingresar [Elvia enters 'demo' into Campo del Usuario, Elvia enters 'demo' into Campo de la contraseÃ±a, Elvia clicks on Boton de ingreso]]
[Test worker] WARN net.thucydides.core.steps.BaseStepListener - stepFinished: current outcome:eliminar un cupon en la funcuionalidad Marketing:Dado que Elvia ingresa a la pagina de Opencart [Elvia abrir navegador [Elvia opens the Abrir pagina]], Y digito los datos correctos de inicio [Elvia ingresar [Elvia enters 'demo' into Campo del Usuario, Elvia enters 'demo' into Campo de la contraseÃ±a, Elvia clicks on Boton de ingreso]]
[Test worker] WARN net.thucydides.core.steps.BaseStepListener - stepFinished: current outcome:eliminar un cupon en la funcuionalidad Marketing:Dado que Elvia ingresa a la pagina de Opencart [Elvia abrir navegador [Elvia opens the Abrir pagina]], Y digito los datos correctos de inicio [Elvia ingresar [Elvia enters 'demo' into Campo del Usuario, Elvia enters 'demo' into Campo de la contraseÃ±a, Elvia clicks on Boton de ingreso]]
[Test worker] WARN net.thucydides.core.steps.BaseStepListener - stepStarted: net.thucydides.core.steps.ExecutedStepDescription@3d882d27
[Test worker] WARN net.thucydides.core.steps.BaseStepListener - stepFinished: current outcome:eliminar un cupon en la funcuionalidad Marketing:Dado que Elvia ingresa a la pagina de Opencart [Elvia abrir navegador [Elvia opens the Abrir pagina]], Y digito los datos correctos de inicio [Elvia ingresar [Elvia enters 'demo' into Campo del Usuario, Elvia enters 'demo' into Campo de la contraseÃ±a, Elvia clicks on Boton de ingreso]], Y que estamoe en la opcion cupones de la funcionalidad Maketing
[Test worker] WARN net.thucydides.core.steps.BaseStepListener - stepStarted: net.thucydides.core.steps.ExecutedStepDescription@6131e63b
[Test worker] WARN net.thucydides.core.steps.BaseStepListener - stepFinished: current outcome:eliminar un cupon en la funcuionalidad Marketing:Dado que Elvia ingresa a la pagina de Opencart [Elvia abrir navegador [Elvia opens the Abrir pagina]], Y digito los datos correctos de inicio [Elvia ingresar [Elvia enters 'demo' into Campo del Usuario, Elvia enters 'demo' into Campo de la contraseÃ±a, Elvia clicks on Boton de ingreso]], Y que estamoe en la opcion cupones de la funcionalidad Maketing, Cuando selecciono y elimino el cupon que se desee eliminar
[Test worker] WARN net.thucydides.core.steps.BaseStepListener - stepStarted: net.thucydides.core.steps.ExecutedStepDescription@3ed2292c
[Test worker] WARN net.thucydides.core.steps.BaseStepListener - stepFinished: current outcome:eliminar un cupon en la funcuionalidad Marketing:Dado que Elvia ingresa a la pagina de Opencart [Elvia abrir navegador [Elvia opens the Abrir pagina]], Y digito los datos correctos de inicio [Elvia ingresar [Elvia enters 'demo' into Campo del Usuario, Elvia enters 'demo' into Campo de la contraseÃ±a, Elvia clicks on Boton de ingreso]], Y que estamoe en la opcion cupones de la funcionalidad Maketing, Cuando selecciono y elimino el cupon que se desee eliminar, Entonces "verifico mensaje de confimacion "Are you sure?"
[Test worker] WARN net.thucydides.core.steps.BaseStepListener - testFinished: eliminar un cupon en la funcuionalidad Marketing:Dado que Elvia ingresa a la pagina de Opencart [Elvia abrir navegador [Elvia opens the Abrir pagina]], Y digito los datos correctos de inicio [Elvia ingresar [Elvia enters 'demo' into Campo del Usuario, Elvia enters 'demo' into Campo de la contraseÃ±a, Elvia clicks on Boton de ingreso]], Y que estamoe en la opcion cupones de la funcionalidad Maketing, Cuando selecciono y elimino el cupon que se desee eliminar, Entonces "verifico mensaje de confimacion "Are you sure?"
[Test worker] WARN net.thucydides.core.steps.BaseStepListener - TestOutcomes: [Inicio de sesion exitoso:Dado que Elvia ingresa a la pagina de Opencart [Elvia abrir navegador [Elvia opens the Abrir pagina]], Y digito los datos correctos de inicio [Elvia ingresar [Elvia enters 'demo' into Campo del Usuario, Elvia enters 'demo' into Campo de la contraseÃ±a, Elvia clicks on Boton de ingreso]], Cuando cierro la notificacion de alerta [Elvia cerrar [Elvia clicks on Boton de cerrar]], Entonces verifico pagina principal "Dashboard" [Then validar], Agregar un producto a una orden nueva:Dado que Elvia ingresa a la pagina de Opencart [Elvia abrir navegador [Elvia opens the Abrir pagina]], Y digito los datos correctos de inicio [Elvia ingresar [Elvia enters 'demo' into Campo del Usuario, Elvia enters 'demo' into Campo de la contraseÃ±a, Elvia clicks on Boton de ingreso]], Y que estamos en la opcion ordenes de la categoria Ventas, Cuando agrego un producto a la nueva orden, Entonces verifico mensaje de exito "Success: You have modified your shopping cart!", eliminar un cupon en la funcuionalidad Marketing:Dado que Elvia ingresa a la pagina de Opencart [Elvia abrir navegador [Elvia opens the Abrir pagina]], Y digito los datos correctos de inicio [Elvia ingresar [Elvia enters 'demo' into Campo del Usuario, Elvia enters 'demo' into Campo de la contraseÃ±a, Elvia clicks on Boton de ingreso]], Y que estamoe en la opcion cupones de la funcionalidad Maketing, Cuando selecciono y elimino el cupon que se desee eliminar, Entonces "verifico mensaje de confimacion "Are you sure?"]
[Test worker] WARN net.thucydides.core.steps.BaseStepListener - Final testOutcomes: [Inicio de sesion exitoso:Dado que Elvia ingresa a la pagina de Opencart [Elvia abrir navegador [Elvia opens the Abrir pagina]], Y digito los datos correctos de inicio [Elvia ingresar [Elvia enters 'demo' into Campo del Usuario, Elvia enters 'demo' into Campo de la contraseÃ±a, Elvia clicks on Boton de ingreso]], Cuando cierro la notificacion de alerta [Elvia cerrar [Elvia clicks on Boton de cerrar]], Entonces verifico pagina principal "Dashboard" [Then validar], Agregar un producto a una orden nueva:Dado que Elvia ingresa a la pagina de Opencart [Elvia abrir navegador [Elvia opens the Abrir pagina]], Y digito los datos correctos de inicio [Elvia ingresar [Elvia enters 'demo' into Campo del Usuario, Elvia enters 'demo' into Campo de la contraseÃ±a, Elvia clicks on Boton de ingreso]], Y que estamos en la opcion ordenes de la categoria Ventas, Cuando agrego un producto a la nueva orden, Entonces verifico mensaje de exito "Success: You have modified your shopping cart!", eliminar un cupon en la funcuionalidad Marketing:Dado que Elvia ingresa a la pagina de Opencart [Elvia abrir navegador [Elvia opens the Abrir pagina]], Y digito los datos correctos de inicio [Elvia ingresar [Elvia enters 'demo' into Campo del Usuario, Elvia enters 'demo' into Campo de la contraseÃ±a, Elvia clicks on Boton de ingreso]], Y que estamoe en la opcion cupones de la funcionalidad Maketing, Cuando selecciono y elimino el cupon que se desee eliminar, Entonces "verifico mensaje de confimacion "Are you sure?"]
[Test worker] INFO net.thucydides.core.steps.ConsoleLoggingListener - 
        __    _____ _____ ____ _____   ____   _    ____  ____  _____ ____  
  _     \ \  |_   _| ____/ ___|_   _| |  _ \ / \  / ___|/ ___|| ____|  _ \ 
 (_)_____| |   | | |  _| \___ \ | |   | |_) / _ \ \___ \\___ \|  _| | | | |
  _|_____| |   | | | |___ ___) || |   |  __/ ___ \ ___) |___) | |___| |_| |
 (_)     | |   |_| |_____|____/ |_|   |_| /_/   \_\____/|____/|_____|____/ 
        /_/                                                                

TEST PASSED: eliminar un cupon en la funcuionalidad Marketing
----------------------------------------------------------------------------
]]></system-err>
</testsuite>
